<?xml version="1.0" encoding="UTF-8"?>
<testsuite xmlns:xsi="http://www.w3.org/2001/XMLSchema-instance" xsi:noNamespaceSchemaLocation="https://maven.apache.org/surefire/maven-surefire-plugin/xsd/surefire-test-report.xsd" name="hn.uthestudiante.aplicacion_simple_maven_consola.AppTest" time="0.07" tests="6" errors="0" skipped="0" failures="0">
  <properties>
[...]
</properties>
  <testcase name="testRestaNegativo" classname="hn.uthestudiante.aplicacion_simple_maven_consola.AppTest" time="0.003"/>
  <testcase name="testSuma1" classname="hn.uthestudiante.aplicacion_simple_maven_consola.AppTest" time="0"/>
  <testcase name="testSuma2" classname="hn.uthestudiante.aplicacion_simple_maven_consola.AppTest" time="0"/>
  <testcase name="testResta1" classname="hn.uthestudiante.aplicacion_simple_maven_consola.AppTest" time="0"/>
  <testcase name="testResta2" classname="hn.uthestudiante.aplicacion_simple_maven_consola.AppTest" time="0"/>
  <testcase name="testRestaDecimales" classname="hn.uthestudiante.aplicacion_simple_maven_consola.AppTest" time="0.001"/>
</testsuite>